<?xml version="1.0" encoding="UTF-8"?>
<testng-results ignored="0" total="3" passed="3" failed="0" skipped="0">
  <reporter-output>
  </reporter-output>
  <suite started-at="2021-10-09T22:51:51 IST" name="Default suite" finished-at="2021-10-09T22:52:08 IST" duration-ms="17084">
    <groups>
    </groups>
    <test started-at="2021-10-09T22:51:51 IST" name="Default test" finished-at="2021-10-09T22:52:08 IST" duration-ms="17084">
      <class name="TestNG.SuiteExample">
        <test-method is-config="true" signature="launchBrowser()[pri:0, instance:TestNG.SuiteExample@16610890]" started-at="2021-10-09T22:51:48 IST" name="launchBrowser" finished-at="2021-10-09T22:51:51 IST" duration-ms="3339" status="PASS">
          <reporter-output>
          </reporter-output>
        </test-method> <!-- launchBrowser -->
        <test-method signature="openBing()[pri:0, instance:TestNG.SuiteExample@16610890]" started-at="2021-10-09T22:51:51 IST" name="openBing" finished-at="2021-10-09T22:51:54 IST" duration-ms="3285" status="PASS">
          <reporter-output>
          </reporter-output>
        </test-method> <!-- openBing -->
        <test-method signature="openChrome()[pri:0, instance:TestNG.SuiteExample@16610890]" started-at="2021-10-09T22:51:54 IST" name="openChrome" finished-at="2021-10-09T22:51:57 IST" duration-ms="2059" status="PASS">
          <reporter-output>
          </reporter-output>
        </test-method> <!-- openChrome -->
        <test-method signature="openYahoo()[pri:0, instance:TestNG.SuiteExample@16610890]" started-at="2021-10-09T22:51:57 IST" name="openYahoo" finished-at="2021-10-09T22:52:08 IST" duration-ms="11703" status="PASS">
          <reporter-output>
          </reporter-output>
        </test-method> <!-- openYahoo -->
        <test-method is-config="true" signature="closeBrowser()[pri:0, instance:TestNG.SuiteExample@16610890]" started-at="2021-10-09T22:52:08 IST" name="closeBrowser" finished-at="2021-10-09T22:52:08 IST" duration-ms="157" status="PASS">
          <reporter-output>
          </reporter-output>
        </test-method> <!-- closeBrowser -->
      </class> <!-- TestNG.SuiteExample -->
    </test> <!-- Default test -->
  </suite> <!-- Default suite -->
</testng-results>
