<?xml version="1.0" encoding="UTF-8"?>
<testng-results ignored="0" total="2" passed="2" failed="0" skipped="0">
  <reporter-output>
  </reporter-output>
  <suite started-at="2021-10-17T17:13:11 IST" name="HRM Test Suite" finished-at="2021-10-17T17:13:19 IST" duration-ms="8166">
    <groups>
    </groups>
    <test started-at="2021-10-17T17:13:11 IST" name="Pending Leave Request" finished-at="2021-10-17T17:13:16 IST" duration-ms="5175">
      <class name="testCases.TestPendingLeaveRequest">
        <test-method signature="verifyPendingLeaveRequests()[pri:0, instance:testCases.TestPendingLeaveRequest@37d4349f]" started-at="2021-10-17T17:13:11 IST" name="verifyPendingLeaveRequests" finished-at="2021-10-17T17:13:16 IST" duration-ms="5153" status="PASS">
          <reporter-output>
          </reporter-output>
        </test-method> <!-- verifyPendingLeaveRequests -->
      </class> <!-- testCases.TestPendingLeaveRequest -->
    </test> <!-- Pending Leave Request -->
    <test started-at="2021-10-17T17:13:16 IST" name="Check User Role Test Case" finished-at="2021-10-17T17:13:19 IST" duration-ms="2971">
      <class name="testCases.TestUserRole">
        <test-method is-config="true" signature="launchBrowserFile()[pri:0, instance:testCases.TestUserRole@52b1beb6]" started-at="2021-10-17T17:13:03 IST" name="launchBrowserFile" finished-at="2021-10-17T17:13:11 IST" duration-ms="8462" status="PASS">
          <reporter-output>
          </reporter-output>
        </test-method> <!-- launchBrowserFile -->
        <test-method signature="checkUserRole()[pri:0, instance:testCases.TestUserRole@52b1beb6]" started-at="2021-10-17T17:13:16 IST" name="checkUserRole" finished-at="2021-10-17T17:13:19 IST" duration-ms="2969" status="PASS">
          <reporter-output>
          </reporter-output>
        </test-method> <!-- checkUserRole -->
        <test-method is-config="true" signature="closeBrowser()[pri:0, instance:testCases.TestUserRole@52b1beb6]" started-at="2021-10-17T17:13:19 IST" name="closeBrowser" finished-at="2021-10-17T17:13:20 IST" duration-ms="115" status="PASS">
          <reporter-output>
          </reporter-output>
        </test-method> <!-- closeBrowser -->
      </class> <!-- testCases.TestUserRole -->
    </test> <!-- Check User Role Test Case -->
  </suite> <!-- HRM Test Suite -->
</testng-results>
