<?xml version="1.0" encoding="UTF-8"?>
<!-- Generated by org.testng.reporters.JUnitXMLReporter -->
<testsuite ignored="0" hostname="DESKTOP-Q7J3BI5" failures="0" tests="3" name="Default test" time="17.084" errors="0" timestamp="2021-10-09T22:52:08 IST">
  <testcase classname="TestNG.SuiteExample" name="openBing" time="3.285"/>
  <testcase classname="TestNG.SuiteExample" name="openChrome" time="2.059"/>
  <testcase classname="TestNG.SuiteExample" name="openYahoo" time="11.703"/>
</testsuite> <!-- Default test -->
