<?xml version="1.0" encoding="UTF-8"?>
<!-- Generated by org.testng.reporters.JUnitXMLReporter -->
<testsuite ignored="0" hostname="DESKTOP-Q7J3BI5" failures="1" tests="1" name="Pending Leave Request" time="0.231" errors="0" timestamp="2021-10-17T14:02:23 IST">
  <testcase classname="testCases.TestPendingLeaveRequest" name="verifyPendingLeaveRequests" time="0.196">
    <failure type="java.lang.IllegalArgumentException" message="Keys to send should be a not null CharSequence">
      <![CDATA[java.lang.IllegalArgumentException: Keys to send should be a not null CharSequence
at org.openqa.selenium.remote.RemoteWebElement.sendKeys(RemoteWebElement.java:97)
at org.openqa.selenium.support.pagefactory.internal.LocatingElementHandler.invoke(LocatingElementHandler.java:51)
at jdk.proxy2/jdk.proxy2.$Proxy12.sendKeys(Unknown Source)
at testCases.TestPendingLeaveRequest.verifyPendingLeaveRequests(TestPendingLeaveRequest.java:16)
at java.base/java.util.ArrayList.forEach(ArrayList.java:1511)
... Removed 31 stack frames]]>
    </failure>
  </testcase> <!-- verifyPendingLeaveRequests -->
</testsuite> <!-- Pending Leave Request -->
